C51 COMPILER V9.00   T                                                                     07/04/2016 16:06:24 PAGE 1   


C51 COMPILER V9.00, COMPILATION OF MODULE T
OBJECT MODULE PLACED IN t.OBJ
COMPILER INVOKED BY: D:\Keil\C51\BIN\C51.EXE t.c BROWSE DEBUG OBJECTEXTEND

line level    source

   1          
   2          
   3          #include <reg51.h>
   4          #include <api.h>
   5          
   6          #define uchar unsigned char
   7          
   8          /***************************************************/
   9          
  10          #define LED P2
  11          
  12          
  13          void main(void)
  14          {
  15   1                while(1){
  16   2                       P0 = 0x80 ;
  17   2                }
  18   1      }
  19          /**************************************************/


MODULE INFORMATION:   STATIC OVERLAYABLE
   CODE SIZE        =      5    ----
   CONSTANT SIZE    =   ----    ----
   XDATA SIZE       =   ----    ----
   PDATA SIZE       =   ----    ----
   DATA SIZE        =   ----    ----
   IDATA SIZE       =   ----    ----
   BIT SIZE         =   ----    ----
END OF MODULE INFORMATION.


C51 COMPILATION COMPLETE.  0 WARNING(S),  0 ERROR(S)
